<?xml version="1.0" encoding="UTF-8"?>
<testsuite xmlns:xsi="http://www.w3.org/2001/XMLSchema-instance" xsi:noNamespaceSchemaLocation="https://maven.apache.org/surefire/maven-surefire-plugin/xsd/surefire-test-report-3.0.xsd" version="3.0" name="MainTest" time="0.055" tests="7" errors="0" skipped="0" failures="0">
  <properties>
[...]
</properties>
  <testcase name="testRegisterUser" classname="MainTest" time="0.027"/>
  <testcase name="testChangeSubscriptionPlan" classname="MainTest" time="0.002"/>
  <testcase name="testChangePassword" classname="MainTest" time="0.002">
    <system-out><![CDATA[User does not exist
]]></system-out>
  </testcase>
  <testcase name="testRegisterUserThatExists" classname="MainTest" time="0.001">
    <system-out><![CDATA[User already exists
]]></system-out>
  </testcase>
  <testcase name="testChangeSubscriptionPlanNonExistingUser" classname="MainTest" time="0.001">
    <system-out><![CDATA[User does not exist
]]></system-out>
  </testcase>
  <testcase name="testChangeEmail" classname="MainTest" time="0.001">
    <system-out><![CDATA[User does not exist
]]></system-out>
  </testcase>
  <testcase name="testChangePhone" classname="MainTest" time="0.001">
    <system-out><![CDATA[User does not exist
]]></system-out>
  </testcase>
</testsuite>